<?xml version="1.0" encoding="UTF-8"?>
<testng-results ignored="0" total="1" passed="1" failed="0" skipped="0">
  <reporter-output>
  </reporter-output>
  <suite started-at="2021-02-14T14:45:39 EET" name="Default suite" finished-at="2021-02-14T14:45:41 EET" duration-ms="2138">
    <groups>
    </groups>
    <test started-at="2021-02-14T14:45:39 EET" name="Default test" finished-at="2021-02-14T14:45:41 EET" duration-ms="2138">
      <class name="demo.GoogleMapsTest">
        <test-method signature="f()[pri:0, instance:demo.GoogleMapsTest@4b0d79fc]" started-at="2021-02-14T14:45:39 EET" name="f" finished-at="2021-02-14T14:45:41 EET" duration-ms="2111" status="PASS">
          <reporter-output>
          </reporter-output>
        </test-method> <!-- f -->
      </class> <!-- demo.GoogleMapsTest -->
    </test> <!-- Default test -->
  </suite> <!-- Default suite -->
</testng-results>
