<?xml version="1.0" encoding="UTF-8"?>
<testng-results ignored="0" total="1" passed="1" failed="0" skipped="0">
  <reporter-output>
  </reporter-output>
  <suite started-at="2021-02-28T15:54:23 EET" name="Default suite" finished-at="2021-02-28T15:54:25 EET" duration-ms="2394">
    <groups>
    </groups>
    <test started-at="2021-02-28T15:54:23 EET" name="Default test" finished-at="2021-02-28T15:54:25 EET" duration-ms="2394">
      <class name="demo.GoogleMapsTest">
        <test-method signature="f()[pri:0, instance:demo.GoogleMapsTest@506ae4d4]" started-at="2021-02-28T15:54:23 EET" name="f" finished-at="2021-02-28T15:54:25 EET" duration-ms="2369" status="PASS">
          <reporter-output>
          </reporter-output>
        </test-method> <!-- f -->
      </class> <!-- demo.GoogleMapsTest -->
    </test> <!-- Default test -->
  </suite> <!-- Default suite -->
</testng-results>
